  Defending_Boundaries_Game.cpp
D:\Shubham_File_\Visual_Studio_Projects\C++\C++_Projects\Defending Boundaries\Defending Boundaries\S_PhysicsMath.h(35,42): warning C4244: 'initializing': conversion from 'int' to 'float', possible loss of data
D:\Shubham_File_\Visual_Studio_Projects\C++\C++_Projects\Defending Boundaries\Defending Boundaries\S_PhysicsMath.h(35,49): warning C4244: 'initializing': conversion from 'int' to 'float', possible loss of data
D:\Shubham_File_\Visual_Studio_Projects\C++\C++_Projects\Defending Boundaries\Defending Boundaries\S_PhysicsMath.h(42,18): warning C4244: '*=': conversion from 'const float' to 'int', possible loss of data
D:\Shubham_File_\Visual_Studio_Projects\C++\C++_Projects\Defending Boundaries\Defending Boundaries\S_PhysicsMath.h(43,18): warning C4244: '*=': conversion from 'const float' to 'int', possible loss of data
D:\Shubham_File_\Visual_Studio_Projects\C++\C++_Projects\Defending Boundaries\Defending Boundaries\S_PhysicsMath.h(50,15): warning C4244: '/=': conversion from 'const float' to 'int', possible loss of data
D:\Shubham_File_\Visual_Studio_Projects\C++\C++_Projects\Defending Boundaries\Defending Boundaries\S_PhysicsMath.h(51,15): warning C4244: '/=': conversion from 'const float' to 'int', possible loss of data
D:\Shubham_File_\Visual_Studio_Projects\C++\C++_Projects\Defending Boundaries\Defending Boundaries\S_PhysicsMath.h(298,52): warning C4244: 'argument': conversion from 'const int' to 'float', possible loss of data
D:\Shubham_File_\Visual_Studio_Projects\C++\C++_Projects\Defending Boundaries\Defending Boundaries\S_PhysicsMath.h(298,45): warning C4244: 'argument': conversion from 'const int' to 'float', possible loss of data
D:\Shubham_File_\Visual_Studio_Projects\C++\C++_Projects\Defending Boundaries\Defending Boundaries\S_PhysicsMath.h(298,38): warning C4244: 'argument': conversion from 'const int' to 'float', possible loss of data
D:\Shubham_File_\Visual_Studio_Projects\C++\C++_Projects\Defending Boundaries\Defending Boundaries\S_PhysicsMath.h(298,29): warning C4244: 'argument': conversion from 'const int' to 'float', possible loss of data
D:\Shubham_File_\Visual_Studio_Projects\C++\C++_Projects\Defending Boundaries\Defending Boundaries\S_PhysicsMath.h(324,33): warning C4244: '=': conversion from 'float' to 'int', possible loss of data
D:\Shubham_File_\Visual_Studio_Projects\C++\C++_Projects\Defending Boundaries\Defending Boundaries\S_PhysicsMath.h(325,33): warning C4244: '=': conversion from 'float' to 'int', possible loss of data
D:\Shubham_File_\Visual_Studio_Projects\C++\C++_Projects\Defending Boundaries\Defending Boundaries\S_PhysicsMath.h(414,29): warning C4244: '=': conversion from 'float' to 'int', possible loss of data
D:\Shubham_File_\Visual_Studio_Projects\C++\C++_Projects\Defending Boundaries\Defending Boundaries\S_PhysicsMath.h(415,29): warning C4244: '=': conversion from 'float' to 'int', possible loss of data
D:\Shubham_File_\Visual_Studio_Projects\C++\C++_Projects\Defending Boundaries\Defending Boundaries\S_PhysicsMath.h(479,49): warning C4244: '=': conversion from 'int' to 'float', possible loss of data
D:\Shubham_File_\Visual_Studio_Projects\C++\C++_Projects\Defending Boundaries\Defending Boundaries\S_PhysicsMath.h(613,30): warning C4244: '=': conversion from 'int' to 'float', possible loss of data
D:\Shubham_File_\Visual_Studio_Projects\C++\C++_Projects\Defending Boundaries\Defending Boundaries\S_PhysicsMath.h(725,14): warning C4244: '=': conversion from 'float' to 'int', possible loss of data
D:\Shubham_File_\Visual_Studio_Projects\C++\C++_Projects\Defending Boundaries\Defending Boundaries\S_PhysicsMath.h(726,13): warning C4244: '=': conversion from 'float' to 'int', possible loss of data
D:\Shubham_File_\Visual_Studio_Projects\C++\C++_Projects\Defending Boundaries\Defending Boundaries\S_PhysicsMath.h(1059,51): warning C4244: '=': conversion from 'double' to 'float', possible loss of data
D:\Shubham_File_\Visual_Studio_Projects\C++\C++_Projects\Defending Boundaries\Defending Boundaries\S_PhysicsMath.h(1060,51): warning C4244: '=': conversion from 'double' to 'float', possible loss of data
D:\Shubham_File_\Visual_Studio_Projects\C++\C++_Projects\Defending Boundaries\Defending Boundaries\S_PhysicsMath.h(1099,34): warning C4244: '=': conversion from 'double' to 'float', possible loss of data
D:\Shubham_File_\Visual_Studio_Projects\C++\C++_Projects\Defending Boundaries\Defending Boundaries\S_PhysicsMath.h(1100,34): warning C4244: '=': conversion from 'double' to 'float', possible loss of data
D:\Shubham_File_\Visual_Studio_Projects\C++\C++_Projects\Defending Boundaries\Defending Boundaries\S_PhysicsMath.h(1404,11): warning C4244: 'initializing': conversion from 'float' to 'int', possible loss of data
D:\Shubham_File_\Visual_Studio_Projects\C++\C++_Projects\Defending Boundaries\Defending Boundaries\S_PhysicsMath.h(1413,12): warning C4244: 'initializing': conversion from 'float' to 'int', possible loss of data
D:\Shubham_File_\Visual_Studio_Projects\C++\C++_Projects\Defending Boundaries\Defending Boundaries\S_PhysicsMath.h(1450,20): warning C4244: '=': conversion from 'float' to 'int', possible loss of data
D:\Shubham_File_\Visual_Studio_Projects\C++\C++_Projects\Defending Boundaries\Defending Boundaries\S_PhysicsMath.h(1451,20): warning C4244: '=': conversion from 'float' to 'int', possible loss of data
D:\Shubham_File_\Visual_Studio_Projects\C++\C++_Projects\Defending Boundaries\Defending Boundaries\S_PhysicsMath.h(1467,20): warning C4244: '=': conversion from 'float' to 'int', possible loss of data
D:\Shubham_File_\Visual_Studio_Projects\C++\C++_Projects\Defending Boundaries\Defending Boundaries\S_PhysicsMath.h(1468,20): warning C4244: '=': conversion from 'float' to 'int', possible loss of data
D:\Shubham_File_\Visual_Studio_Projects\C++\C++_Projects\Defending Boundaries\Defending Boundaries\S_PhysicsMath.h(1477,28): warning C4244: '=': conversion from 'int' to 'float', possible loss of data
D:\Shubham_File_\Visual_Studio_Projects\C++\C++_Projects\Defending Boundaries\Defending Boundaries\S_PhysicsMath.h(1563,20): warning C4244: '=': conversion from 'float' to 'int', possible loss of data
D:\Shubham_File_\Visual_Studio_Projects\C++\C++_Projects\Defending Boundaries\Defending Boundaries\S_PhysicsMath.h(1564,20): warning C4244: '=': conversion from 'float' to 'int', possible loss of data
D:\Shubham_File_\Visual_Studio_Projects\C++\C++_Projects\Defending Boundaries\Defending Boundaries\S_PhysicsMath.h(1569,17): warning C4244: '=': conversion from 'float' to 'int', possible loss of data
D:\Shubham_File_\Visual_Studio_Projects\C++\C++_Projects\Defending Boundaries\Defending Boundaries\S_PhysicsMath.h(1570,18): warning C4244: '=': conversion from 'float' to 'int', possible loss of data
D:\Shubham_File_\Visual_Studio_Projects\C++\C++_Projects\Defending Boundaries\Defending Boundaries\S_PhysicsMath.h(1594,27): warning C4244: '=': conversion from 'float' to 'int', possible loss of data
D:\Shubham_File_\Visual_Studio_Projects\C++\C++_Projects\Defending Boundaries\Defending Boundaries\S_PhysicsMath.h(1595,27): warning C4244: '=': conversion from 'float' to 'int', possible loss of data
D:\Shubham_File_\Visual_Studio_Projects\C++\C++_Projects\Defending Boundaries\Defending Boundaries\S_PhysicsMath.h(1597,29): warning C4244: '=': conversion from 'float' to 'int', possible loss of data
D:\Shubham_File_\Visual_Studio_Projects\C++\C++_Projects\Defending Boundaries\Defending Boundaries\S_PhysicsMath.h(1598,29): warning C4244: '=': conversion from 'float' to 'int', possible loss of data
D:\Shubham_File_\Visual_Studio_Projects\C++\C++_Projects\Defending Boundaries\Defending Boundaries\S_PhysicsMath.h(1620,27): warning C4244: '=': conversion from 'float' to 'int', possible loss of data
D:\Shubham_File_\Visual_Studio_Projects\C++\C++_Projects\Defending Boundaries\Defending Boundaries\S_PhysicsMath.h(1621,27): warning C4244: '=': conversion from 'float' to 'int', possible loss of data
D:\Shubham_File_\Visual_Studio_Projects\C++\C++_Projects\Defending Boundaries\Defending Boundaries\S_PhysicsMath.h(1623,29): warning C4244: '=': conversion from 'float' to 'int', possible loss of data
D:\Shubham_File_\Visual_Studio_Projects\C++\C++_Projects\Defending Boundaries\Defending Boundaries\S_PhysicsMath.h(1624,29): warning C4244: '=': conversion from 'float' to 'int', possible loss of data
D:\Shubham_File_\Visual_Studio_Projects\C++\C++_Projects\Defending Boundaries\Defending Boundaries\S_PhysicsMath.h(1639,20): warning C4244: '=': conversion from 'float' to 'int', possible loss of data
D:\Shubham_File_\Visual_Studio_Projects\C++\C++_Projects\Defending Boundaries\Defending Boundaries\S_PhysicsMath.h(1640,20): warning C4244: '=': conversion from 'float' to 'int', possible loss of data
D:\Shubham_File_\Visual_Studio_Projects\C++\C++_Projects\Defending Boundaries\Defending Boundaries\S_PhysicsMath.h(1645,20): warning C4244: '=': conversion from 'float' to 'int', possible loss of data
D:\Shubham_File_\Visual_Studio_Projects\C++\C++_Projects\Defending Boundaries\Defending Boundaries\S_PhysicsMath.h(1646,18): warning C4244: '=': conversion from 'float' to 'int', possible loss of data
D:\Shubham_File_\Visual_Studio_Projects\C++\C++_Projects\Defending Boundaries\Defending Boundaries\S_PhysicsMath.h(1667,27): warning C4244: '=': conversion from 'float' to 'int', possible loss of data
D:\Shubham_File_\Visual_Studio_Projects\C++\C++_Projects\Defending Boundaries\Defending Boundaries\S_PhysicsMath.h(1668,27): warning C4244: '=': conversion from 'float' to 'int', possible loss of data
D:\Shubham_File_\Visual_Studio_Projects\C++\C++_Projects\Defending Boundaries\Defending Boundaries\S_PhysicsMath.h(1670,29): warning C4244: '=': conversion from 'float' to 'int', possible loss of data
D:\Shubham_File_\Visual_Studio_Projects\C++\C++_Projects\Defending Boundaries\Defending Boundaries\S_PhysicsMath.h(1671,29): warning C4244: '=': conversion from 'float' to 'int', possible loss of data
D:\Shubham_File_\Visual_Studio_Projects\C++\C++_Projects\Defending Boundaries\Defending Boundaries\S_PhysicsMath.h(1693,27): warning C4244: '=': conversion from 'float' to 'int', possible loss of data
D:\Shubham_File_\Visual_Studio_Projects\C++\C++_Projects\Defending Boundaries\Defending Boundaries\S_PhysicsMath.h(1694,27): warning C4244: '=': conversion from 'float' to 'int', possible loss of data
D:\Shubham_File_\Visual_Studio_Projects\C++\C++_Projects\Defending Boundaries\Defending Boundaries\S_PhysicsMath.h(1696,29): warning C4244: '=': conversion from 'float' to 'int', possible loss of data
D:\Shubham_File_\Visual_Studio_Projects\C++\C++_Projects\Defending Boundaries\Defending Boundaries\S_PhysicsMath.h(1697,29): warning C4244: '=': conversion from 'float' to 'int', possible loss of data
D:\Shubham_File_\Visual_Studio_Projects\C++\C++_Projects\Defending Boundaries\Defending Boundaries\S_PhysicsMath.h(1715,20): warning C4244: '=': conversion from 'float' to 'int', possible loss of data
D:\Shubham_File_\Visual_Studio_Projects\C++\C++_Projects\Defending Boundaries\Defending Boundaries\S_PhysicsMath.h(1716,20): warning C4244: '=': conversion from 'float' to 'int', possible loss of data
D:\Shubham_File_\Visual_Studio_Projects\C++\C++_Projects\Defending Boundaries\Defending Boundaries\S_PhysicsMath.h(1737,27): warning C4244: '=': conversion from 'float' to 'int', possible loss of data
D:\Shubham_File_\Visual_Studio_Projects\C++\C++_Projects\Defending Boundaries\Defending Boundaries\S_PhysicsMath.h(1738,27): warning C4244: '=': conversion from 'float' to 'int', possible loss of data
D:\Shubham_File_\Visual_Studio_Projects\C++\C++_Projects\Defending Boundaries\Defending Boundaries\S_PhysicsMath.h(1740,29): warning C4244: '=': conversion from 'float' to 'int', possible loss of data
D:\Shubham_File_\Visual_Studio_Projects\C++\C++_Projects\Defending Boundaries\Defending Boundaries\S_PhysicsMath.h(1741,29): warning C4244: '=': conversion from 'float' to 'int', possible loss of data
D:\Shubham_File_\Visual_Studio_Projects\C++\C++_Projects\Defending Boundaries\Defending Boundaries\S_PhysicsMath.h(1760,20): warning C4244: '=': conversion from 'float' to 'int', possible loss of data
D:\Shubham_File_\Visual_Studio_Projects\C++\C++_Projects\Defending Boundaries\Defending Boundaries\S_PhysicsMath.h(1761,20): warning C4244: '=': conversion from 'float' to 'int', possible loss of data
D:\Shubham_File_\Visual_Studio_Projects\C++\C++_Projects\Defending Boundaries\Defending Boundaries\S_PhysicsMath.h(1782,27): warning C4244: '=': conversion from 'float' to 'int', possible loss of data
D:\Shubham_File_\Visual_Studio_Projects\C++\C++_Projects\Defending Boundaries\Defending Boundaries\S_PhysicsMath.h(1783,27): warning C4244: '=': conversion from 'float' to 'int', possible loss of data
D:\Shubham_File_\Visual_Studio_Projects\C++\C++_Projects\Defending Boundaries\Defending Boundaries\S_PhysicsMath.h(1785,29): warning C4244: '=': conversion from 'float' to 'int', possible loss of data
D:\Shubham_File_\Visual_Studio_Projects\C++\C++_Projects\Defending Boundaries\Defending Boundaries\S_PhysicsMath.h(1786,29): warning C4244: '=': conversion from 'float' to 'int', possible loss of data
D:\Shubham_File_\Visual_Studio_Projects\C++\C++_Projects\Defending Boundaries\Defending Boundaries\Defending_Boundaries_Game.cpp(274,37): warning C4244: '=': conversion from 'int' to 'float', possible loss of data
D:\Shubham_File_\Visual_Studio_Projects\C++\C++_Projects\Defending Boundaries\Defending Boundaries\Defending_Boundaries_Game.cpp(275,39): warning C4244: '=': conversion from 'int' to 'float', possible loss of data
D:\Shubham_File_\Visual_Studio_Projects\C++\C++_Projects\Defending Boundaries\Defending Boundaries\Defending_Boundaries_Game.cpp(444,71): warning C4305: 'argument': truncation from 'double' to 'float'
D:\Shubham_File_\Visual_Studio_Projects\C++\C++_Projects\Defending Boundaries\Defending Boundaries\Defending_Boundaries_Game.cpp(449,70): warning C4305: 'argument': truncation from 'double' to 'float'
D:\Shubham_File_\Visual_Studio_Projects\C++\C++_Projects\Defending Boundaries\Defending Boundaries\Defending_Boundaries_Game.cpp(469,71): warning C4305: 'argument': truncation from 'double' to 'float'
D:\Shubham_File_\Visual_Studio_Projects\C++\C++_Projects\Defending Boundaries\Defending Boundaries\Defending_Boundaries_Game.cpp(474,72): warning C4305: 'argument': truncation from 'double' to 'float'
D:\Shubham_File_\Visual_Studio_Projects\C++\C++_Projects\Defending Boundaries\Defending Boundaries\Defending_Boundaries_Game.cpp(491,39): warning C4244: 'argument': conversion from 'double' to 'float', possible loss of data
D:\Shubham_File_\Visual_Studio_Projects\C++\C++_Projects\Defending Boundaries\Defending Boundaries\S_PhysicsMath.h(421): warning C4715: 'DrawCircle': not all control paths return a value
  Defending Boundaries.vcxproj -> D:\Shubham_File_\Visual_Studio_Projects\C++\C++_Projects\Defending Boundaries\x64\Debug\Defending Boundaries.exe
